# JRE version: Java(TM) SE Runtime Environment (8.0_31-b13) (build 1.8.0_31-b13)
# Java VM: Java HotSpot(TM) 64-Bit Server VM (25.31-b07 mixed mode windows-amd64 compressed oops)
Heap:
 PSYoungGen      total 104448K, used 45379K [0x00000000eab00000, 0x00000000fd180000, 0x0000000100000000)
  eden space 99328K, 45% used [0x00000000eab00000,0x00000000ed750de8,0x00000000f0c00000)
  from space 5120K, 0% used [0x00000000f3200000,0x00000000f3200000,0x00000000f3700000)
  to   space 38912K, 0% used [0x00000000f0c00000,0x00000000f0c00000,0x00000000f3200000)
 ParOldGen       total 91648K, used 17449K [0x00000000c0000000, 0x00000000c5980000, 0x00000000eab00000)
  object space 91648K, 19% used [0x00000000c0000000,0x00000000c110a660,0x00000000c5980000)
 Metaspace       used 7238K, capacity 7646K, committed 7808K, reserved 1056768K
  class space    used 747K, capacity 785K, committed 896K, reserved 1048576K
GC Heap History (10 events):
Event: 0.871 GC heap before
{Heap before GC invocations=4 (full 0):
 PSYoungGen      total 71680K, used 71663K [0x00000000eab00000, 0x00000000f3700000, 0x0000000100000000)
  eden space 66560K, 100% used [0x00000000eab00000,0x00000000eec00000,0x00000000eec00000)
  from space 5120K, 99% used [0x00000000eec00000,0x00000000ef0fbe48,0x00000000ef100000)
  to   space 5120K, 0% used [0x00000000f3200000,0x00000000f3200000,0x00000000f3700000)
 ParOldGen       total 87552K, used 36149K [0x00000000c0000000, 0x00000000c5580000, 0x00000000eab00000)
  object space 87552K, 41% used [0x00000000c0000000,0x00000000c234d6b0,0x00000000c5580000)
 Metaspace       used 7221K, capacity 7582K, committed 7808K, reserved 1056768K
  class space    used 747K, capacity 785K, committed 896K, reserved 1048576K
Event: 0.882 GC heap after
Heap after GC invocations=4 (full 0):
 PSYoungGen      total 138240K, used 5114K [0x00000000eab00000, 0x00000000f3700000, 0x0000000100000000)
  eden space 133120K, 0% used [0x00000000eab00000,0x00000000eab00000,0x00000000f2d00000)
  from space 5120K, 99% used [0x00000000f3200000,0x00000000f36fe8b8,0x00000000f3700000)
  to   space 5120K, 0% used [0x00000000f2d00000,0x00000000f2d00000,0x00000000f3200000)
 ParOldGen       total 87552K, used 58488K [0x00000000c0000000, 0x00000000c5580000, 0x00000000eab00000)
  object space 87552K, 66% used [0x00000000c0000000,0x00000000c391e398,0x00000000c5580000)
 Metaspace       used 7221K, capacity 7582K, committed 7808K, reserved 1056768K
  class space    used 747K, capacity 785K, committed 896K, reserved 1048576K
}
Event: 0.882 GC heap before
{Heap before GC invocations=5 (full 1):
 PSYoungGen      total 138240K, used 5114K [0x00000000eab00000, 0x00000000f3700000, 0x0000000100000000)
  eden space 133120K, 0% used [0x00000000eab00000,0x00000000eab00000,0x00000000f2d00000)
  from space 5120K, 99% used [0x00000000f3200000,0x00000000f36fe8b8,0x00000000f3700000)
  to   space 5120K, 0% used [0x00000000f2d00000,0x00000000f2d00000,0x00000000f3200000)
 ParOldGen       total 87552K, used 58488K [0x00000000c0000000, 0x00000000c5580000, 0x00000000eab00000)
  object space 87552K, 66% used [0x00000000c0000000,0x00000000c391e398,0x00000000c5580000)
 Metaspace       used 7221K, capacity 7582K, committed 7808K, reserved 1056768K
  class space    used 747K, capacity 785K, committed 896K, reserved 1048576K
Event: 0.900 GC heap after
Heap after GC invocations=5 (full 1):
 PSYoungGen      total 138240K, used 0K [0x00000000eab00000, 0x00000000f3700000, 0x0000000100000000)
  eden space 133120K, 0% used [0x00000000eab00000,0x00000000eab00000,0x00000000f2d00000)
  from space 5120K, 0% used [0x00000000f3200000,0x00000000f3200000,0x00000000f3700000)
  to   space 5120K, 0% used [0x00000000f2d00000,0x00000000f2d00000,0x00000000f3200000)
 ParOldGen       total 91648K, used 15518K [0x00000000c0000000, 0x00000000c5980000, 0x00000000eab00000)
  object space 91648K, 16% used [0x00000000c0000000,0x00000000c0f279a8,0x00000000c5980000)
 Metaspace       used 7221K, capacity 7582K, committed 7808K, reserved 1056768K
  class space    used 747K, capacity 785K, committed 896K, reserved 1048576K
}
Event: 1.136 GC heap before
{Heap before GC invocations=6 (full 1):
 PSYoungGen      total 138240K, used 131381K [0x00000000eab00000, 0x00000000f3700000, 0x0000000100000000)
  eden space 133120K, 98% used [0x00000000eab00000,0x00000000f2b4d7c8,0x00000000f2d00000)
  from space 5120K, 0% used [0x00000000f3200000,0x00000000f3200000,0x00000000f3700000)
  to   space 5120K, 0% used [0x00000000f2d00000,0x00000000f2d00000,0x00000000f3200000)
 ParOldGen       total 91648K, used 15518K [0x00000000c0000000, 0x00000000c5980000, 0x00000000eab00000)
  object space 91648K, 16% used [0x00000000c0000000,0x00000000c0f279a8,0x00000000c5980000)
 Metaspace       used 7224K, capacity 7582K, committed 7808K, reserved 1056768K
  class space    used 747K, capacity 785K, committed 896K, reserved 1048576K
Event: 1.139 GC heap after
Heap after GC invocations=6 (full 1):
 PSYoungGen      total 138240K, used 3693K [0x00000000eab00000, 0x00000000f3700000, 0x0000000100000000)
  eden space 133120K, 0% used [0x00000000eab00000,0x00000000eab00000,0x00000000f2d00000)
  from space 5120K, 72% used [0x00000000f2d00000,0x00000000f309b638,0x00000000f3200000)
  to   space 5120K, 0% used [0x00000000f3200000,0x00000000f3200000,0x00000000f3700000)
 ParOldGen       total 91648K, used 21479K [0x00000000c0000000, 0x00000000c5980000, 0x00000000eab00000)
  object space 91648K, 23% used [0x00000000c0000000,0x00000000c14f9ff0,0x00000000c5980000)
 Metaspace       used 7224K, capacity 7582K, committed 7808K, reserved 1056768K
  class space    used 747K, capacity 785K, committed 896K, reserved 1048576K
}
Event: 1.327 GC heap before
{Heap before GC invocations=7 (full 1):
 PSYoungGen      total 138240K, used 136813K [0x00000000eab00000, 0x00000000f3700000, 0x0000000100000000)
  eden space 133120K, 100% used [0x00000000eab00000,0x00000000f2d00000,0x00000000f2d00000)
  from space 5120K, 72% used [0x00000000f2d00000,0x00000000f309b638,0x00000000f3200000)
  to   space 5120K, 0% used [0x00000000f3200000,0x00000000f3200000,0x00000000f3700000)
 ParOldGen       total 91648K, used 21479K [0x00000000c0000000, 0x00000000c5980000, 0x00000000eab00000)
  object space 91648K, 23% used [0x00000000c0000000,0x00000000c14f9ff0,0x00000000c5980000)
 Metaspace       used 7235K, capacity 7646K, committed 7808K, reserved 1056768K
  class space    used 747K, capacity 785K, committed 896K, reserved 1048576K
Event: 1.335 GC heap after
Heap after GC invocations=7 (full 1):
 PSYoungGen      total 104448K, used 4815K [0x00000000eab00000, 0x00000000fd180000, 0x0000000100000000)
  eden space 99328K, 0% used [0x00000000eab00000,0x00000000eab00000,0x00000000f0c00000)
  from space 5120K, 94% used [0x00000000f3200000,0x00000000f36b3c58,0x00000000f3700000)
  to   space 38912K, 0% used [0x00000000f0c00000,0x00000000f0c00000,0x00000000f3200000)
 ParOldGen       total 91648K, used 56582K [0x00000000c0000000, 0x00000000c5980000, 0x00000000eab00000)
  object space 91648K, 61% used [0x00000000c0000000,0x00000000c3741bb0,0x00000000c5980000)
 Metaspace       used 7235K, capacity 7646K, committed 7808K, reserved 1056768K
  class space    used 747K, capacity 785K, committed 896K, reserved 1048576K
}
Event: 1.335 GC heap before
{Heap before GC invocations=8 (full 2):
 PSYoungGen      total 104448K, used 4815K [0x00000000eab00000, 0x00000000fd180000, 0x0000000100000000)
  eden space 99328K, 0% used [0x00000000eab00000,0x00000000eab00000,0x00000000f0c00000)
  from space 5120K, 94% used [0x00000000f3200000,0x00000000f36b3c58,0x00000000f3700000)
  to   space 38912K, 0% used [0x00000000f0c00000,0x00000000f0c00000,0x00000000f3200000)
 ParOldGen       total 91648K, used 56582K [0x00000000c0000000, 0x00000000c5980000, 0x00000000eab00000)
  object space 91648K, 61% used [0x00000000c0000000,0x00000000c3741bb0,0x00000000c5980000)
 Metaspace       used 7235K, capacity 7646K, committed 7808K, reserved 1056768K
  class space    used 747K, capacity 785K, committed 896K, reserved 1048576K
Event: 1.360 GC heap after
Heap after GC invocations=8 (full 2):
 PSYoungGen      total 104448K, used 0K [0x00000000eab00000, 0x00000000fd180000, 0x0000000100000000)
  eden space 99328K, 0% used [0x00000000eab00000,0x00000000eab00000,0x00000000f0c00000)
  from space 5120K, 0% used [0x00000000f3200000,0x00000000f3200000,0x00000000f3700000)
  to   space 38912K, 0% used [0x00000000f0c00000,0x00000000f0c00000,0x00000000f3200000)
 ParOldGen       total 91648K, used 17449K [0x00000000c0000000, 0x00000000c5980000, 0x00000000eab00000)
  object space 91648K, 19% used [0x00000000c0000000,0x00000000c110a660,0x00000000c5980000)
 Metaspace       used 7235K, capacity 7646K, committed 7808K, reserved 1056768K
  class space    used 747K, capacity 785K, committed 896K, reserved 1048576K
}

